2024-01-23 16:41:41,979 INFO  Logger.cs: 70 - 
--------------------------------------------------------------------------------
2024-01-23 16:41:41,995 INFO  Logger.cs: 71 - Logging commencing for SW2URDF exporter
2024-01-23 16:41:41,995 INFO  Logger.cs: 73 - Commit version 1.6.0-4-g7f85cfe
2024-01-23 16:41:41,995 INFO  Logger.cs: 74 - Build version 1.6.7995.38578
2024-01-23 16:41:41,995 INFO  SwAddin.cs: 192 - Attempting to connect to SW
2024-01-23 16:41:41,995 INFO  SwAddin.cs: 197 - Setting up callbacks
2024-01-23 16:41:41,995 INFO  SwAddin.cs: 201 - Setting up command manager
2024-01-23 16:41:41,995 INFO  SwAddin.cs: 204 - Adding command manager
2024-01-23 16:41:41,995 INFO  SwAddin.cs: 263 - Adding Assembly export to file menu
2024-01-23 16:41:41,995 INFO  SwAddin.cs: 272 - Adding Part export to file menu
2024-01-23 16:41:41,995 INFO  SwAddin.cs: 210 - Adding event handlers
2024-01-23 16:41:41,995 INFO  SwAddin.cs: 217 - Connecting plugin to SolidWorks
2024-01-23 16:43:04,169 INFO  SwAddin.cs: 351 - Part export called
2024-01-23 16:43:04,194 INFO  ExportHelperExtension.cs: 1125 - Retrieving features of type [CoordSys] from ballrosr
2024-01-23 16:43:04,200 INFO  ExportHelperExtension.cs: 1136 - Found 25 in ballrosr
2024-01-23 16:43:04,200 INFO  ExportHelperExtension.cs: 1145 - Found 0 features of type [CoordSys] in ballrosr
2024-01-23 16:43:04,200 INFO  ExportHelperExtension.cs: 1125 - Retrieving features of type [RefAxis] from ballrosr
2024-01-23 16:43:04,200 INFO  ExportHelperExtension.cs: 1136 - Found 25 in ballrosr
2024-01-23 16:43:04,200 INFO  ExportHelperExtension.cs: 1145 - Found 0 features of type [RefAxis] in ballrosr
2024-01-23 16:43:04,200 INFO  SwAddin.cs: 367 - Showing part
2024-01-23 16:43:42,065 INFO  SwAddin.cs: 351 - Part export called
2024-01-23 16:43:42,065 INFO  ExportHelperExtension.cs: 1125 - Retrieving features of type [CoordSys] from ballrosr
2024-01-23 16:43:42,065 INFO  ExportHelperExtension.cs: 1136 - Found 25 in ballrosr
2024-01-23 16:43:42,065 INFO  ExportHelperExtension.cs: 1145 - Found 0 features of type [CoordSys] in ballrosr
2024-01-23 16:43:42,065 INFO  ExportHelperExtension.cs: 1125 - Retrieving features of type [RefAxis] from ballrosr
2024-01-23 16:43:42,065 INFO  ExportHelperExtension.cs: 1136 - Found 25 in ballrosr
2024-01-23 16:43:42,065 INFO  ExportHelperExtension.cs: 1145 - Found 0 features of type [RefAxis] in ballrosr
2024-01-23 16:43:42,065 INFO  SwAddin.cs: 367 - Showing part
2024-01-23 16:44:00,094 INFO  SwAddin.cs: 351 - Part export called
2024-01-23 16:44:00,098 INFO  ExportHelperExtension.cs: 1125 - Retrieving features of type [CoordSys] from ballrosr
2024-01-23 16:44:00,099 INFO  ExportHelperExtension.cs: 1136 - Found 25 in ballrosr
2024-01-23 16:44:00,099 INFO  ExportHelperExtension.cs: 1145 - Found 0 features of type [CoordSys] in ballrosr
2024-01-23 16:44:00,099 INFO  ExportHelperExtension.cs: 1125 - Retrieving features of type [RefAxis] from ballrosr
2024-01-23 16:44:00,099 INFO  ExportHelperExtension.cs: 1136 - Found 25 in ballrosr
2024-01-23 16:44:00,099 INFO  ExportHelperExtension.cs: 1145 - Found 0 features of type [RefAxis] in ballrosr
2024-01-23 16:44:00,099 INFO  SwAddin.cs: 367 - Showing part
2024-01-23 16:44:11,572 INFO  SwAddin.cs: 351 - Part export called
2024-01-23 16:44:11,575 INFO  ExportHelperExtension.cs: 1125 - Retrieving features of type [CoordSys] from ballrosr
2024-01-23 16:44:11,575 INFO  ExportHelperExtension.cs: 1136 - Found 25 in ballrosr
2024-01-23 16:44:11,575 INFO  ExportHelperExtension.cs: 1145 - Found 0 features of type [CoordSys] in ballrosr
2024-01-23 16:44:11,575 INFO  ExportHelperExtension.cs: 1125 - Retrieving features of type [RefAxis] from ballrosr
2024-01-23 16:44:11,575 INFO  ExportHelperExtension.cs: 1136 - Found 25 in ballrosr
2024-01-23 16:44:11,576 INFO  ExportHelperExtension.cs: 1145 - Found 0 features of type [RefAxis] in ballrosr
2024-01-23 16:44:11,576 INFO  SwAddin.cs: 367 - Showing part
2024-01-23 16:44:57,084 INFO  SwAddin.cs: 294 - Assembly export called for file Assem2
2024-01-23 16:45:00,348 INFO  SwAddin.cs: 313 - Saving assembly
2024-01-23 16:45:03,986 INFO  SwAddin.cs: 316 - Opening property manager
2024-01-23 16:45:03,988 INFO  ExportHelperExtension.cs: 1125 - Retrieving features of type [CoordSys] from Assem2
2024-01-23 16:45:03,989 INFO  ExportHelperExtension.cs: 1136 - Found 34 in Assem2
2024-01-23 16:45:03,989 INFO  ExportHelperExtension.cs: 1145 - Found 0 features of type [CoordSys] in Assem2
2024-01-23 16:45:03,989 INFO  ExportHelperExtension.cs: 1148 - Proceeding through assembly components
2024-01-23 16:45:03,989 INFO  ExportHelperExtension.cs: 1160 - 3 components to check
2024-01-23 16:45:03,991 INFO  ExportHelperExtension.cs: 1125 - Retrieving features of type [CoordSys] from final_R1_8inch-2
2024-01-23 16:45:03,991 INFO  ExportHelperExtension.cs: 1136 - Found 189 in final_R1_8inch-2
2024-01-23 16:45:03,992 INFO  ExportHelperExtension.cs: 1145 - Found 0 features of type [CoordSys] in final_R1_8inch-2
2024-01-23 16:45:03,992 INFO  ExportHelperExtension.cs: 1125 - Retrieving features of type [CoordSys] from arena with props-2
2024-01-23 16:45:03,992 INFO  ExportHelperExtension.cs: 1136 - Found 67 in arena with props-2
2024-01-23 16:45:03,992 INFO  ExportHelperExtension.cs: 1145 - Found 0 features of type [CoordSys] in arena with props-2
2024-01-23 16:45:03,993 INFO  ExportHelperExtension.cs: 1125 - Retrieving features of type [RefAxis] from Assem2
2024-01-23 16:45:03,993 INFO  ExportHelperExtension.cs: 1136 - Found 34 in Assem2
2024-01-23 16:45:03,993 INFO  ExportHelperExtension.cs: 1145 - Found 0 features of type [RefAxis] in Assem2
2024-01-23 16:45:03,993 INFO  ExportHelperExtension.cs: 1148 - Proceeding through assembly components
2024-01-23 16:45:03,993 INFO  ExportHelperExtension.cs: 1160 - 3 components to check
2024-01-23 16:45:03,994 INFO  ExportHelperExtension.cs: 1125 - Retrieving features of type [RefAxis] from final_R1_8inch-2
2024-01-23 16:45:03,994 INFO  ExportHelperExtension.cs: 1136 - Found 189 in final_R1_8inch-2
2024-01-23 16:45:03,994 INFO  ExportHelperExtension.cs: 1145 - Found 0 features of type [RefAxis] in final_R1_8inch-2
2024-01-23 16:45:03,994 INFO  ExportHelperExtension.cs: 1125 - Retrieving features of type [RefAxis] from arena with props-2
2024-01-23 16:45:03,994 INFO  ExportHelperExtension.cs: 1136 - Found 67 in arena with props-2
2024-01-23 16:45:03,995 INFO  ExportHelperExtension.cs: 1145 - Found 0 features of type [RefAxis] in arena with props-2
2024-01-23 16:45:04,905 INFO  SwAddin.cs: 339 - Loading config tree
2024-01-23 16:45:04,907 INFO  ExportPropertyManagerExtension.cs: 520 - Starting new configuration
2024-01-23 16:45:04,909 INFO  SwAddin.cs: 344 - Showing property manager
2024-01-23 16:45:07,654 INFO  ExportPropertyManager.cs: 416 - Configuration canceled
2024-01-23 16:45:07,734 INFO  ExportPropertyManager.cs: 1142 - AfterClose called. This method no longer throws an Exception. It just silently does nothing. Ok, except for this logging message
2024-01-23 16:45:40,889 INFO  SwAddin.cs: 351 - Part export called
2024-01-23 16:45:40,894 INFO  ExportHelperExtension.cs: 1125 - Retrieving features of type [CoordSys] from ballrosp
2024-01-23 16:45:40,894 INFO  ExportHelperExtension.cs: 1136 - Found 25 in ballrosp
2024-01-23 16:45:40,894 INFO  ExportHelperExtension.cs: 1145 - Found 0 features of type [CoordSys] in ballrosp
2024-01-23 16:45:40,894 INFO  ExportHelperExtension.cs: 1125 - Retrieving features of type [RefAxis] from ballrosp
2024-01-23 16:45:40,894 INFO  ExportHelperExtension.cs: 1136 - Found 25 in ballrosp
2024-01-23 16:45:40,894 INFO  ExportHelperExtension.cs: 1145 - Found 0 features of type [RefAxis] in ballrosp
2024-01-23 16:45:40,894 INFO  SwAddin.cs: 367 - Showing part
2024-01-23 16:46:18,125 INFO  SwAddin.cs: 351 - Part export called
2024-01-23 16:46:18,125 INFO  ExportHelperExtension.cs: 1125 - Retrieving features of type [CoordSys] from ballrosp
2024-01-23 16:46:18,125 INFO  ExportHelperExtension.cs: 1136 - Found 26 in ballrosp
2024-01-23 16:46:18,141 INFO  ExportHelperExtension.cs: 1145 - Found 1 features of type [CoordSys] in ballrosp
2024-01-23 16:46:18,141 INFO  ExportHelperExtension.cs: 1125 - Retrieving features of type [RefAxis] from ballrosp
2024-01-23 16:46:18,141 INFO  ExportHelperExtension.cs: 1136 - Found 26 in ballrosp
2024-01-23 16:46:18,141 INFO  ExportHelperExtension.cs: 1145 - Found 0 features of type [RefAxis] in ballrosp
2024-01-23 16:46:18,141 INFO  SwAddin.cs: 367 - Showing part
2024-01-23 17:01:32,440 INFO  SwAddin.cs: 351 - Part export called
2024-01-23 17:01:32,440 INFO  ExportHelperExtension.cs: 1125 - Retrieving features of type [CoordSys] from Part1
2024-01-23 17:01:32,440 INFO  ExportHelperExtension.cs: 1136 - Found 25 in Part1
2024-01-23 17:01:32,440 INFO  ExportHelperExtension.cs: 1145 - Found 0 features of type [CoordSys] in Part1
2024-01-23 17:01:32,440 INFO  ExportHelperExtension.cs: 1125 - Retrieving features of type [RefAxis] from Part1
2024-01-23 17:01:32,440 INFO  ExportHelperExtension.cs: 1136 - Found 25 in Part1
2024-01-23 17:01:32,440 INFO  ExportHelperExtension.cs: 1145 - Found 0 features of type [RefAxis] in Part1
2024-01-23 17:01:32,440 INFO  SwAddin.cs: 367 - Showing part
2024-01-23 17:01:56,488 INFO  SwAddin.cs: 351 - Part export called
2024-01-23 17:01:56,488 INFO  ExportHelperExtension.cs: 1125 - Retrieving features of type [CoordSys] from nigga
2024-01-23 17:01:56,493 INFO  ExportHelperExtension.cs: 1136 - Found 25 in nigga
2024-01-23 17:01:56,493 INFO  ExportHelperExtension.cs: 1145 - Found 0 features of type [CoordSys] in nigga
2024-01-23 17:01:56,493 INFO  ExportHelperExtension.cs: 1125 - Retrieving features of type [RefAxis] from nigga
2024-01-23 17:01:56,493 INFO  ExportHelperExtension.cs: 1136 - Found 25 in nigga
2024-01-23 17:01:56,493 INFO  ExportHelperExtension.cs: 1145 - Found 0 features of type [RefAxis] in nigga
2024-01-23 17:01:56,493 INFO  SwAddin.cs: 367 - Showing part
2024-01-23 17:02:43,119 INFO  SwAddin.cs: 351 - Part export called
2024-01-23 17:02:43,122 INFO  ExportHelperExtension.cs: 1125 - Retrieving features of type [CoordSys] from nigga
2024-01-23 17:02:43,122 INFO  ExportHelperExtension.cs: 1136 - Found 25 in nigga
2024-01-23 17:02:43,122 INFO  ExportHelperExtension.cs: 1145 - Found 0 features of type [CoordSys] in nigga
2024-01-23 17:02:43,122 INFO  ExportHelperExtension.cs: 1125 - Retrieving features of type [RefAxis] from nigga
2024-01-23 17:02:43,122 INFO  ExportHelperExtension.cs: 1136 - Found 25 in nigga
2024-01-23 17:02:43,122 INFO  ExportHelperExtension.cs: 1145 - Found 0 features of type [RefAxis] in nigga
2024-01-23 17:02:43,123 INFO  SwAddin.cs: 367 - Showing part
2024-01-23 17:02:45,774 INFO  SwAddin.cs: 351 - Part export called
2024-01-23 17:02:45,777 INFO  ExportHelperExtension.cs: 1125 - Retrieving features of type [CoordSys] from nigga
2024-01-23 17:02:45,777 INFO  ExportHelperExtension.cs: 1136 - Found 25 in nigga
2024-01-23 17:02:45,777 INFO  ExportHelperExtension.cs: 1145 - Found 0 features of type [CoordSys] in nigga
2024-01-23 17:02:45,778 INFO  ExportHelperExtension.cs: 1125 - Retrieving features of type [RefAxis] from nigga
2024-01-23 17:02:45,778 INFO  ExportHelperExtension.cs: 1136 - Found 25 in nigga
2024-01-23 17:02:45,778 INFO  ExportHelperExtension.cs: 1145 - Found 0 features of type [RefAxis] in nigga
2024-01-23 17:02:45,778 INFO  SwAddin.cs: 367 - Showing part
2024-01-23 17:03:05,736 INFO  SwAddin.cs: 294 - Assembly export called for file Assem1
2024-01-23 17:03:05,736 INFO  SwAddin.cs: 299 - Save is required
2024-01-23 17:03:05,736 INFO  SwAddin.cs: 313 - Saving assembly
2024-01-23 17:03:05,736 INFO  SwAddin.cs: 316 - Opening property manager
2024-01-23 17:03:05,736 INFO  ExportHelperExtension.cs: 1125 - Retrieving features of type [CoordSys] from Assem1
2024-01-23 17:03:05,736 INFO  ExportHelperExtension.cs: 1136 - Found 23 in Assem1
2024-01-23 17:03:05,736 INFO  ExportHelperExtension.cs: 1145 - Found 0 features of type [CoordSys] in Assem1
2024-01-23 17:03:05,736 INFO  ExportHelperExtension.cs: 1148 - Proceeding through assembly components
2024-01-23 17:03:05,736 INFO  ExportHelperExtension.cs: 1160 - 1 components to check
2024-01-23 17:03:05,736 INFO  ExportHelperExtension.cs: 1125 - Retrieving features of type [CoordSys] from ballrosp-1
2024-01-23 17:03:05,736 INFO  ExportHelperExtension.cs: 1136 - Found 26 in ballrosp-1
2024-01-23 17:03:05,736 INFO  ExportHelperExtension.cs: 1145 - Found 1 features of type [CoordSys] in ballrosp-1
2024-01-23 17:03:05,736 INFO  ExportHelperExtension.cs: 1125 - Retrieving features of type [RefAxis] from Assem1
2024-01-23 17:03:05,736 INFO  ExportHelperExtension.cs: 1136 - Found 23 in Assem1
2024-01-23 17:03:05,736 INFO  ExportHelperExtension.cs: 1145 - Found 0 features of type [RefAxis] in Assem1
2024-01-23 17:03:05,736 INFO  ExportHelperExtension.cs: 1148 - Proceeding through assembly components
2024-01-23 17:03:05,736 INFO  ExportHelperExtension.cs: 1160 - 1 components to check
2024-01-23 17:03:05,736 INFO  ExportHelperExtension.cs: 1125 - Retrieving features of type [RefAxis] from ballrosp-1
2024-01-23 17:03:05,736 INFO  ExportHelperExtension.cs: 1136 - Found 26 in ballrosp-1
2024-01-23 17:03:05,752 INFO  ExportHelperExtension.cs: 1145 - Found 0 features of type [RefAxis] in ballrosp-1
2024-01-23 17:03:05,887 INFO  SwAddin.cs: 339 - Loading config tree
2024-01-23 17:03:05,888 INFO  ExportPropertyManagerExtension.cs: 520 - Starting new configuration
2024-01-23 17:03:05,889 INFO  SwAddin.cs: 344 - Showing property manager
2024-01-23 17:03:17,451 INFO  ExportPropertyManager.cs: 1018 - OnComboboxSelectionChanged called. This method no longer throws an Exception. It just silently does nothing. Ok, except for this logging message
2024-01-23 17:03:22,995 INFO  ExportPropertyManager.cs: 422 - Configuration saved
2024-01-23 17:03:23,169 INFO  ExportHelperExtension.cs: 1125 - Retrieving features of type [CoordSys] from Assem1
2024-01-23 17:03:23,171 INFO  ExportHelperExtension.cs: 1136 - Found 24 in Assem1
2024-01-23 17:03:23,171 INFO  ExportHelperExtension.cs: 1145 - Found 0 features of type [CoordSys] in Assem1
2024-01-23 17:03:23,171 INFO  ExportHelperExtension.cs: 1148 - Proceeding through assembly components
2024-01-23 17:03:23,171 INFO  ExportHelperExtension.cs: 1160 - 1 components to check
2024-01-23 17:03:23,172 INFO  ExportHelperExtension.cs: 1125 - Retrieving features of type [CoordSys] from ballrosp-1
2024-01-23 17:03:23,172 INFO  ExportHelperExtension.cs: 1136 - Found 26 in ballrosp-1
2024-01-23 17:03:23,172 INFO  ExportHelperExtension.cs: 1145 - Found 1 features of type [CoordSys] in ballrosp-1
2024-01-23 17:03:23,172 INFO  ExportHelperExtension.cs: 1125 - Retrieving features of type [RefAxis] from Assem1
2024-01-23 17:03:23,172 INFO  ExportHelperExtension.cs: 1136 - Found 24 in Assem1
2024-01-23 17:03:23,172 INFO  ExportHelperExtension.cs: 1145 - Found 0 features of type [RefAxis] in Assem1
2024-01-23 17:03:23,173 INFO  ExportHelperExtension.cs: 1148 - Proceeding through assembly components
2024-01-23 17:03:23,173 INFO  ExportHelperExtension.cs: 1160 - 1 components to check
2024-01-23 17:03:23,173 INFO  ExportHelperExtension.cs: 1125 - Retrieving features of type [RefAxis] from ballrosp-1
2024-01-23 17:03:23,173 INFO  ExportHelperExtension.cs: 1136 - Found 26 in ballrosp-1
2024-01-23 17:03:23,173 INFO  ExportHelperExtension.cs: 1145 - Found 0 features of type [RefAxis] in ballrosp-1
2024-01-23 17:03:23,198 INFO  ExportPropertyManager.cs: 1142 - AfterClose called. This method no longer throws an Exception. It just silently does nothing. Ok, except for this logging message
2024-01-23 17:04:59,887 INFO  AssemblyExportForm.cs: 253 - Completing URDF export
2024-01-23 17:04:59,887 INFO  ConfigurationSerialization.cs: 276 - URDF Configuration found
<Link z:Id="i1" xmlns="http://schemas.datacontract.org/2004/07/SW2URDF" xmlns:i="http://www.w3.org/2001/XMLSchema-instance" xmlns:z="http://schemas.microsoft.com/2003/10/Serialization/"><Attributes><Attribute z:Id="i2"><AttributeType>name</AttributeType><IsRequired>true</IsRequired><Value i:type="a:string" xmlns:a="http://www.w3.org/2001/XMLSchema">base_link</Value></Attribute></Attributes><ChildElements><URDFElement z:Id="i3" i:type="Inertial"><Attributes/><ChildElements><URDFElement z:Id="i4" i:type="Origin"><Attributes><Attribute z:Id="i5"><AttributeType>xyz</AttributeType><IsRequired>true</IsRequired><Value i:type="a:ArrayOfdouble" xmlns:a="http://schemas.microsoft.com/2003/10/Serialization/Arrays"><a:double>0</a:double><a:double>0</a:double><a:double>0</a:double></Value></Attribute><Attribute z:Id="i6"><AttributeType>rpy</AttributeType><IsRequired>true</IsRequired><Value i:type="a:ArrayOfdouble" xmlns:a="http://schemas.microsoft.com/2003/10/Serialization/Arrays"><a:double>0</a:double><a:double>0</a:double><a:double>0</a:double></Value></Attribute></Attributes><ChildElements/><ElementName>origin</ElementName><required>false</required><RPYAttribute z:Ref="i6"/><XYZAttribute z:Ref="i5"/><isCustomized>false</isCustomized></URDFElement><URDFElement z:Id="i7" i:type="Mass"><Attributes><Attribute z:Id="i8"><AttributeType>value</AttributeType><IsRequired>true</IsRequired><Value i:type="a:double" xmlns:a="http://www.w3.org/2001/XMLSchema">0</Value></Attribute></Attributes><ChildElements/><ElementName>mass</ElementName><required>false</required><ValueAttribute z:Ref="i8"/></URDFElement><URDFElement z:Id="i9" i:type="Inertia"><Attributes><Attribute z:Id="i10"><AttributeType>ixx</AttributeType><IsRequired>true</IsRequired><Value i:type="a:double" xmlns:a="http://www.w3.org/2001/XMLSchema">0</Value></Attribute><Attribute z:Id="i11"><AttributeType>ixy</AttributeType><IsRequired>true</IsRequired><Value i:type="a:double" xmlns:a="http://www.w3.org/2001/XMLSchema">0</Value></Attribute><Attribute z:Id="i12"><AttributeType>ixz</AttributeType><IsRequired>true</IsRequired><Value i:type="a:double" xmlns:a="http://www.w3.org/2001/XMLSchema">0</Value></Attribute><Attribute z:Id="i13"><AttributeType>iyy</AttributeType><IsRequired>true</IsRequired><Value i:type="a:double" xmlns:a="http://www.w3.org/2001/XMLSchema">0</Value></Attribute><Attribute z:Id="i14"><AttributeType>iyz</AttributeType><IsRequired>true</IsRequired><Value i:type="a:double" xmlns:a="http://www.w3.org/2001/XMLSchema">0</Value></Attribute><Attribute z:Id="i15"><AttributeType>izz</AttributeType><IsRequired>true</IsRequired><Value i:type="a:double" xmlns:a="http://www.w3.org/2001/XMLSchema">0</Value></Attribute></Attributes><ChildElements/><ElementName>inertia</ElementName><required>false</required><IxxAttribute z:Ref="i10"/><IxyAttribute z:Ref="i11"/><IxzAttribute z:Ref="i12"/><IyyAttribute z:Ref="i13"/><IyzAttribute z:Ref="i14"/><IzzAttribute z:Ref="i15"/></URDFElement></ChildElements><ElementName>inertial</ElementName><required>false</required><Inertia z:Ref="i9"/><Mass z:Ref="i7"/><Origin z:Ref="i4"/></URDFElement><URDFElement z:Id="i16" i:type="Visual"><Attributes/><ChildElements><URDFElement z:Id="i17" i:type="Origin"><Attributes><Attribute z:Id="i18"><AttributeType>xyz</AttributeType><IsRequired>true</IsRequired><Value i:type="a:ArrayOfdouble" xmlns:a="http://schemas.microsoft.com/2003/10/Serialization/Arrays"><a:double>0</a:double><a:double>0</a:double><a:double>0</a:double></Value></Attribute><Attribute z:Id="i19"><AttributeType>rpy</AttributeType><IsRequired>true</IsRequired><Value i:type="a:ArrayOfdouble" xmlns:a="http://schemas.microsoft.com/2003/10/Serialization/Arrays"><a:double>0</a:double><a:double>0</a:double><a:double>0</a:double></Value></Attribute></Attributes><ChildElements/><ElementName>origin</ElementName><required>false</required><RPYAttribute z:Ref="i19"/><XYZAttribute z:Ref="i18"/><isCustomized>false</isCustomized></URDFElement><URDFElement z:Id="i20" i:type="Geometry"><Attributes/><ChildElements><URDFElement z:Id="i21" i:type="Mesh"><Attributes><Attribute z:Id="i22"><AttributeType>filename</AttributeType><IsRequired>true</IsRequired><Value i:nil="true"/></Attribute></Attributes><ChildElements/><ElementName>mesh</ElementName><required>false</required><FilenameAttribute z:Ref="i22"/></URDFElement></ChildElements><ElementName>geometry</ElementName><required>true</required><Mesh z:Ref="i21"/></URDFElement><URDFElement z:Id="i23" i:type="Material"><Attributes><Attribute z:Id="i24"><AttributeType>name</AttributeType><IsRequired>true</IsRequired><Value i:type="a:string" xmlns:a="http://www.w3.org/2001/XMLSchema"/></Attribute></Attributes><ChildElements><URDFElement z:Id="i25" i:type="Color"><Attributes><Attribute z:Id="i26"><AttributeType>rgba</AttributeType><IsRequired>true</IsRequired><Value i:type="a:ArrayOfdouble" xmlns:a="http://schemas.microsoft.com/2003/10/Serialization/Arrays"><a:double>1</a:double><a:double>1</a:double><a:double>1</a:double><a:double>1</a:double></Value></Attribute></Attributes><ChildElements/><ElementName>color</ElementName><required>false</required><RGBAAttribute z:Ref="i26"/></URDFElement><URDFElement z:Id="i27" i:type="Texture"><Attributes><Attribute z:Id="i28"><AttributeType>filename</AttributeType><IsRequired>true</IsRequired><Value i:nil="true"/></Attribute></Attributes><ChildElements/><ElementName>texture</ElementName><required>false</required><FilenameAttribute z:Ref="i28"/><wFilename/></URDFElement></ChildElements><ElementName>material</ElementName><required>false</required><Color z:Ref="i25"/><NameAttribute z:Ref="i24"/><Texture z:Ref="i27"/></URDFElement></ChildElements><ElementName>visual</ElementName><required>false</required><Geometry z:Ref="i20"/><Material z:Ref="i23"/><Origin z:Ref="i17"/></URDFElement><URDFElement z:Id="i29" i:type="Collision"><Attributes/><ChildElements><URDFElement z:Id="i30" i:type="Origin"><Attributes><Attribute z:Id="i31"><AttributeType>xyz</AttributeType><IsRequired>true</IsRequired><Value i:type="a:ArrayOfdouble" xmlns:a="http://schemas.microsoft.com/2003/10/Serialization/Arrays"><a:double>0</a:double><a:double>0</a:double><a:double>0</a:double></Value></Attribute><Attribute z:Id="i32"><AttributeType>rpy</AttributeType><IsRequired>true</IsRequired><Value i:type="a:ArrayOfdouble" xmlns:a="http://schemas.microsoft.com/2003/10/Serialization/Arrays"><a:double>0</a:double><a:double>0</a:double><a:double>0</a:double></Value></Attribute></Attributes><ChildElements/><ElementName>origin</ElementName><required>false</required><RPYAttribute z:Ref="i32"/><XYZAttribute z:Ref="i31"/><isCustomized>false</isCustomized></URDFElement><URDFElement z:Id="i33" i:type="Geometry"><Attributes/><ChildElements><URDFElement z:Id="i34" i:type="Mesh"><Attributes><Attribute z:Id="i35"><AttributeType>filename</AttributeType><IsRequired>true</IsRequired><Value i:nil="true"/></Attribute></Attributes><ChildElements/><ElementName>mesh</ElementName><required>false</required><FilenameAttribute z:Ref="i35"/></URDFElement></ChildElements><ElementName>geometry</ElementName><required>true</required><Mesh z:Ref="i34"/></URDFElement></ChildElements><ElementName>collision</ElementName><required>false</required><Geometry z:Ref="i33"/><Origin z:Ref="i30"/></URDFElement><URDFElement z:Id="i36" i:type="Joint"><Attributes><Attribute z:Id="i37"><AttributeType>name</AttributeType><IsRequired>true</IsRequired><Value i:type="a:string" xmlns:a="http://www.w3.org/2001/XMLSchema"/></Attribute><Attribute z:Id="i38"><AttributeType>type</AttributeType><IsRequired>true</IsRequired><Value i:type="a:string" xmlns:a="http://www.w3.org/2001/XMLSchema"/></Attribute></Attributes><ChildElements><URDFElement z:Id="i39" i:type="Origin"><Attributes><Attribute z:Id="i40"><AttributeType>xyz</AttributeType><IsRequired>true</IsRequired><Value i:type="a:ArrayOfdouble" xmlns:a="http://schemas.microsoft.com/2003/10/Serialization/Arrays"><a:double>0</a:double><a:double>0</a:double><a:double>0</a:double></Value></Attribute><Attribute z:Id="i41"><AttributeType>rpy</AttributeType><IsRequired>true</IsRequired><Value i:type="a:ArrayOfdouble" xmlns:a="http://schemas.microsoft.com/2003/10/Serialization/Arrays"><a:double>0</a:double><a:double>0</a:double><a:double>0</a:double></Value></Attribute></Attributes><ChildElements/><ElementName>origin</ElementName><required>false</required><RPYAttribute z:Ref="i41"/><XYZAttribute z:Ref="i40"/><isCustomized>false</isCustomized></URDFElement><URDFElement z:Id="i42" i:type="ParentLink"><Attributes><Attribute z:Id="i43"><AttributeType>link</AttributeType><IsRequired>true</IsRequired><Value i:type="a:string" xmlns:a="http://www.w3.org/2001/XMLSchema"/></Attribute></Attributes><ChildElements/><ElementName>parent</ElementName><required>true</required><NameAttribute z:Ref="i43"/></URDFElement><URDFElement z:Id="i44" i:type="ChildLink"><Attributes><Attribute z:Id="i45"><AttributeType>link</AttributeType><IsRequired>true</IsRequired><Value i:type="a:string" xmlns:a="http://www.w3.org/2001/XMLSchema"/></Attribute></Attributes><ChildElements/><ElementName>child</ElementName><required>true</required><NameAttribute z:Ref="i45"/></URDFElement><URDFElement z:Id="i46" i:type="Axis"><Attributes><Attribute z:Id="i47"><AttributeType>xyz</AttributeType><IsRequired>true</IsRequired><Value i:type="a:ArrayOfdouble" xmlns:a="http://schemas.microsoft.com/2003/10/Serialization/Arrays"><a:double>0</a:double><a:double>0</a:double><a:double>0</a:double></Value></Attribute></Attributes><ChildElements/><ElementName>axis</ElementName><required>false</required><XYZAttribute z:Ref="i47"/></URDFElement><URDFElement z:Id="i48" i:type="Limit"><Attributes><Attribute z:Id="i49"><AttributeType>lower</AttributeType><IsRequired>false</IsRequired><Value i:nil="true"/></Attribute><Attribute z:Id="i50"><AttributeType>upper</AttributeType><IsRequired>false</IsRequired><Value i:nil="true"/></Attribute><Attribute z:Id="i51"><AttributeType>effort</AttributeType><IsRequired>true</IsRequired><Value i:nil="true"/></Attribute><Attribute z:Id="i52"><AttributeType>velocity</AttributeType><IsRequired>true</IsRequired><Value i:nil="true"/></Attribute></Attributes><ChildElements/><ElementName>limit</ElementName><required>false</required><EffortAttribute z:Ref="i51"/><LowerAttribute z:Ref="i49"/><UpperAttribute z:Ref="i50"/><VelocityAttribute z:Ref="i52"/></URDFElement><URDFElement z:Id="i53" i:type="Calibration"><Attributes><Attribute z:Id="i54"><AttributeType>rising</AttributeType><IsRequired>false</IsRequired><Value i:nil="true"/></Attribute><Attribute z:Id="i55"><AttributeType>falling</AttributeType><IsRequired>false</IsRequired><Value i:nil="true"/></Attribute></Attributes><ChildElements/><ElementName>calibration</ElementName><required>false</required><FallingAttribute z:Ref="i55"/><RisingAttribute z:Ref="i54"/></URDFElement><URDFElement z:Id="i56" i:type="Dynamics"><Attributes><Attribute z:Id="i57"><AttributeType>damping</AttributeType><IsRequired>false</IsRequired><Value i:nil="true"/></Attribute><Attribute z:Id="i58"><AttributeType>friction</AttributeType><IsRequired>false</IsRequired><Value i:nil="true"/></Attribute></Attributes><ChildElements/><ElementName>dynamics</ElementName><required>false</required><DampingAttribute z:Ref="i57"/><FrictionAttribute z:Ref="i58"/></URDFElement><URDFElement z:Id="i59" i:type="SafetyController"><Attributes><Attribute z:Id="i60"><AttributeType>soft_upper_limit</AttributeType><IsRequired>false</IsRequired><Value i:nil="true"/></Attribute><Attribute z:Id="i61"><AttributeType>soft_lower_limit</AttributeType><IsRequired>false</IsRequired><Value i:nil="true"/></Attribute><Attribute z:Id="i62"><AttributeType>k_position</AttributeType><IsRequired>false</IsRequired><Value i:nil="true"/></Attribute><Attribute z:Id="i63"><AttributeType>k_velocity</AttributeType><IsRequired>true</IsRequired><Value i:nil="true"/></Attribute></Attributes><ChildElements/><ElementName>safety_controller</ElementName><required>false</required><KPositionAttribute z:Ref="i62"/><KVelocityAttribute z:Ref="i63"/><SoftLowerAttribute z:Ref="i61"/><SoftUpperAttribute z:Ref="i60"/></URDFElement><URDFElement z:Id="i64" i:type="Mimic"><Attributes><Attribute z:Id="i65"><AttributeType>joint</AttributeType><IsRequired>true</IsRequired><Value i:nil="true"/></Attribute><Attribute z:Id="i66"><AttributeType>multiplier</AttributeType><IsRequired>false</IsRequired><Value i:nil="true"/></Attribute><Attribute z:Id="i67"><AttributeType>offset</AttributeType><IsRequired>false</IsRequired><Value i:nil="true"/></Attribute></Attributes><ChildElements/><ElementName>mimic</ElementName><required>false</required><JointNameAttribute z:Ref="i65"/><MultiplierAttribute z:Ref="i66"/><OffsetAttribute z:Ref="i67"/></URDFElement></ChildElements><ElementName>joint</ElementName><required>false</required><Axis z:Ref="i46"/><AxisName/><Calibration z:Ref="i53"/><Child z:Ref="i44"/><CoordinateSystemName>Coordinate System1 &lt;ballrosp-1&gt;</CoordinateSystemName><Dynamics z:Ref="i56"/><Limit z:Ref="i48"/><Mimic z:Ref="i64"/><NameAttribute z:Ref="i37"/><Origin z:Ref="i39"/><Parent z:Ref="i42"/><Safety z:Ref="i59"/><TypeAttribute z:Ref="i38"/></URDFElement></ChildElements><ElementName>link</ElementName><required>true</required><Children/><Collision z:Ref="i29"/><Inertial z:Ref="i3"/><Joint z:Ref="i36"/><NameAttribute z:Ref="i2"/><Parent i:nil="true"/><STLQualityFine>false</STLQualityFine><SWComponentPIDs xmlns:a="http://schemas.microsoft.com/2003/10/Serialization/Arrays"><a:base64Binary>mDoAAAUAAAD//v8AAAAAAA==</a:base64Binary></SWComponentPIDs><SWMainComponentPID i:nil="true"/><Visual z:Ref="i16"/><isFixedFrame>false</isFixedFrame><isIncomplete>false</isIncomplete></Link>
2024-01-23 17:05:27,730 INFO  AssemblyExportForm.cs: 309 - Saving URDF package to E:\ros files\bal
2024-01-23 17:05:27,732 INFO  ExportHelper.cs: 147 - Beginning the export process
2024-01-23 17:05:27,733 INFO  ExportHelper.cs: 153 - Creating package directories with name bal and save path E:\ros files
2024-01-23 17:05:29,877 INFO  ExportHelper.cs: 162 - Creating CMakeLists.txt at E:\ros files\bal\CMakeLists.txt
2024-01-23 17:05:29,878 INFO  ExportHelper.cs: 166 - Creating joint names config at E:\ros files\bal\config\joint_names_bal.yaml
2024-01-23 17:05:29,879 INFO  ExportHelper.cs: 170 - Creating package.xml at E:\ros files\bal\package.xml
2024-01-23 17:05:29,879 INFO  PackageXMLWriter.cs: 21 - Creating package.xml at E:\ros files\bal\package.xml
2024-01-23 17:05:29,881 INFO  ExportHelper.cs: 177 - Creating RVIZ launch file in E:\ros files\bal\launch\
2024-01-23 17:05:29,882 INFO  ExportHelper.cs: 182 - Creating Gazebo launch file in E:\ros files\bal\launch\
2024-01-23 17:05:29,882 INFO  ExportHelper.cs: 187 - Saving existing STL preferences
2024-01-23 17:05:29,883 INFO  ExportHelper.cs: 450 - Saving users preferences
2024-01-23 17:05:29,883 INFO  ExportHelper.cs: 190 - Modifying STL preferences
2024-01-23 17:05:29,883 INFO  ExportHelper.cs: 464 - Setting STL preferences
2024-01-23 17:05:29,886 INFO  ExportHelper.cs: 196 - Found 0 hidden components 
2024-01-23 17:05:29,886 INFO  ExportHelper.cs: 197 - Hiding all components
2024-01-23 17:05:29,891 INFO  ExportHelper.cs: 204 - Beginning individual files export
2024-01-23 17:05:29,891 INFO  ExportHelper.cs: 270 - Exporting link: base_link
2024-01-23 17:05:29,891 INFO  ExportHelper.cs: 272 - Link base_link has 0 children
2024-01-23 17:05:29,891 INFO  ExportHelper.cs: 317 - base_link: Exporting STL with coordinate frame Coordinate System1 <ballrosp-1>
2024-01-23 17:05:29,891 INFO  ExportHelper.cs: 322 - base_link: Reference geometry name ballrosp-1
2024-01-23 17:05:29,901 INFO  ExportHelper.cs: 330 - Saving STL to E:\ros files\bal\meshes\base_link.STL
2024-01-23 17:05:30,136 INFO  ExportHelper.cs: 405 - Removing SW header in STL file
2024-01-23 17:05:30,136 INFO  ExportHelper.cs: 145 - Showing all components except previously hidden components
2024-01-23 17:05:30,136 INFO  ExportHelper.cs: 145 - Resetting STL preferences
2024-01-23 17:05:30,136 INFO  ExportHelper.cs: 478 - Returning STL preferences to user preferences
2024-01-23 17:05:30,136 INFO  ExportHelper.cs: 228 - Writing URDF file to E:\ros files\bal\urdf\bal.urdf
2024-01-23 17:05:30,166 INFO  CSVImportExport.cs: 32 - Writing CSV file E:\ros files\bal\urdf\bal.csv
2024-01-23 17:05:30,176 ERROR CSVImportExport.cs: 130 - The following columns were not written to the CSV: Link.Joint.ChildLink.link,
2024-01-23 17:05:30,176 INFO  ExportHelper.cs: 234 - Copying log file
2024-01-23 17:05:30,176 INFO  ExportHelper.cs: 439 - Copying C:\Users\Vedant\sw2urdf_logs\sw2urdf.log to E:\ros files\bal\export.log
